[debug] [2024-05-27T10:21:35.741Z] ----------------------------------------------------------------------
[debug] [2024-05-27T10:21:35.743Z] Command:       C:\Program Files\nodejs\node.exe C:\Users\rchintha\AppData\Roaming\npm\node_modules\firebase-tools\lib\bin\firebase.js deploy
[debug] [2024-05-27T10:21:35.743Z] CLI Version:   13.10.0
[debug] [2024-05-27T10:21:35.743Z] Platform:      win32
[debug] [2024-05-27T10:21:35.744Z] Node Version:  v18.11.0
[debug] [2024-05-27T10:21:35.744Z] Time:          Mon May 27 2024 15:51:35 GMT+0530 (India Standard Time)
[debug] [2024-05-27T10:21:35.744Z] ----------------------------------------------------------------------
[debug] 
[debug] [2024-05-27T10:21:35.747Z] >>> [apiv2][query] GET https://firebase-public.firebaseio.com/cli.json [none]
[debug] [2024-05-27T10:21:35.819Z] > command requires scopes: ["email","openid","https://www.googleapis.com/auth/cloudplatformprojects.readonly","https://www.googleapis.com/auth/firebase","https://www.googleapis.com/auth/cloud-platform"]
[debug] [2024-05-27T10:21:35.819Z] > authorizing via signed-in user (devdebug2023@gmail.com)
[debug] [2024-05-27T10:21:35.820Z] [iam] checking project goextramiles-dd260 for permissions ["firebase.projects.get","firebasehosting.sites.update"]
[debug] [2024-05-27T10:21:35.820Z] > refreshing access token with scopes: []
[debug] [2024-05-27T10:21:35.821Z] >>> [apiv2][query] POST https://www.googleapis.com/oauth2/v3/token [none]
[debug] [2024-05-27T10:21:35.821Z] >>> [apiv2][body] POST https://www.googleapis.com/oauth2/v3/token [omitted]
[debug] [2024-05-27T10:21:36.100Z] <<< [apiv2][status] POST https://www.googleapis.com/oauth2/v3/token 403
[debug] [2024-05-27T10:21:36.101Z] <<< [apiv2][body] POST https://www.googleapis.com/oauth2/v3/token [omitted]
[debug] [2024-05-27T10:21:36.101Z] [iam] error while checking permissions, command may fail: FirebaseError: Authentication Error: Your credentials are no longer valid. Please run firebase login --reauth

For CI servers and headless environments, generate a new token with firebase login:ci
[debug] [2024-05-27T10:21:36.101Z] > refreshing access token with scopes: []
[debug] [2024-05-27T10:21:36.102Z] >>> [apiv2][query] POST https://www.googleapis.com/oauth2/v3/token [none]
[debug] [2024-05-27T10:21:36.102Z] >>> [apiv2][body] POST https://www.googleapis.com/oauth2/v3/token [omitted]
[debug] [2024-05-27T10:21:36.375Z] <<< [apiv2][status] POST https://www.googleapis.com/oauth2/v3/token 403
[debug] [2024-05-27T10:21:36.376Z] <<< [apiv2][body] POST https://www.googleapis.com/oauth2/v3/token [omitted]
[debug] [2024-05-27T10:21:36.376Z] Authentication Error: Your credentials are no longer valid. Please run firebase login --reauth

For CI servers and headless environments, generate a new token with firebase login:ci
[debug] [2024-05-27T10:21:36.451Z] <<< [apiv2][status] GET https://firebase-public.firebaseio.com/cli.json 200
[debug] [2024-05-27T10:21:36.451Z] <<< [apiv2][body] GET https://firebase-public.firebaseio.com/cli.json {"cloudBuildErrorAfter":1594252800000,"cloudBuildWarnAfter":1590019200000,"defaultNode10After":1594252800000,"minVersion":"3.0.5","node8DeploysDisabledAfter":1613390400000,"node8RuntimeDisabledAfter":1615809600000,"node8WarnAfter":1600128000000}
[error] 
[error] Error: Assertion failed: resolving hosting target of a site with no site name or target name. This should have caused an error earlier
